app/build/outputs/mapping/release/seeds.txt
com.trilema.doctrinalang.ui.week.WeekFragment: WeekFragment()
com.trilema.doctrinalang.ui.settings.SettingsFragment: SettingsFragment()
com.trilema.doctrinalang.MainActivity: MainActivity()
com.trilema.doctrinalang.MainActivity
com.trilema.doctrinalang.ui.month.MonthFragment: MonthFragment()
com.trilema.doctrinalang.ui.position.PositionFragment
com.trilema.doctrinalang.ui.numbers.NumbersFragment
com.trilema.doctrinalang.ui.week.WeekFragment
com.trilema.doctrinalang.ui.AboutFragmet
com.trilema.doctrinalang.ui.AboutFragmet: AboutFragmet()
com.trilema.doctrinalang.ui.numbers.NumbersFragment: NumbersFragment()
com.trilema.doctrinalang.ui.position.PositionFragment: PositionFragment()
com.trilema.doctrinalang.ui.time.TimeFragment
com.trilema.doctrinalang.ui.time.TimeFragment: TimeFragment()
com.trilema.doctrinalang.ui.settings.SettingsFragment
com.trilema.doctrinalang.ui.month.MonthFragment
...
com.google.android.material.R$attr: int windowActionModeOverlay
com.google.android.material.bottomappbar.BottomAppBar: int getLeftInset()
com.google.android.material.bottomnavigation.BottomNavigationMenuView: void setItemBackgroundRes(int)
androidx.appcompat.widget.ContentFrameLayout
androidx.coordinatorlayout.R$styleable: int FontFamily_fontProviderPackage
androidx.constraintlayout.widget.R$styleable: int[] ActionMode
com.google.android.material.R$styleable: int MaterialButton_icon
androidx.preference.R$id: int accessibility_custom_action_14
androidx.constraintlayout.widget.R$styleable: int AppCompatSeekBar_tickMarkTint
com.google.android.material.R$style: int Widget_AppCompat_ActionButton_CloseMode
com.google.android.material.R$styleable: int MaterialButton_android_background
com.google.android.material.R$attr: int sliderStyle
com.google.android.material.datepicker.Month: android.os.Parcelable$Creator CREATOR
androidx.constraintlayout.widget.R$styleable: int ConstraintLayout_Layout_android_paddingStart
androidx.transition.R$id: int accessibility_custom_action_12
androidx.preference.R$drawable: int abc_ic_star_black_36dp
com.google.android.material.R$styleable: int ActionBar_navigationMode
androidx.appcompat.R$color: int abc_primary_text_material_dark
com.google.android.material.R$style: int Widget_MaterialComponents_FloatingActionButton
androidx.constraintlayout.widget.R$styleable: int TextAppearance_fontFamily
com.google.android.material.transformation.ExpandableTransformationBehavior: ExpandableTransformationBehavior(android.content.Context,android.util.AttributeSet)
androidx.preference.R$attr: int windowFixedHeightMajor
com.google.android.material.R$dimen: int mtrl_textinput_box_corner_radius_small
androidx.preference.R$styleable: int AppCompatTextView_drawableStartCompat
com.google.android.material.bottomnavigation.BottomNavigationView: int getMaxItemCount()
androidx.appcompat.R$styleable: int AppCompatTheme_imageButtonStyle
com.google.android.material.R$styleable: int Badge_number
com.google.android.material.R$dimen: int mtrl_snackbar_margin
androidx.constraintlayout.widget.R$styleable: int ConstraintLayout_Layout_android_orientation
androidx.appcompat.R$style: int Base_TextAppearance_AppCompat_Body1
androidx.preference.R$styleable: int TextAppearance_android_textColorLink
androidx.navigation.fragment.R$id: int accessibility_custom_action_11
androidx.constraintlayout.widget.R$styleable: int AppCompatTheme_selectableItemBackground
androidx.appcompat.R$styleable: int AppCompatTextView_drawableStartCompat
com.google.android.material.chip.Chip: void setBackgroundTintMode(android.graphics.PorterDuff$Mode)
androidx.constraintlayout.widget.R$id: int titleDividerNoCustom
com.google.android.material.R$styleable: int AppCompatTextHelper_android_drawableEnd
com.google.android.material.bottomnavigation.BottomNavigationMenuView: void setItemHorizontalTranslationEnabled(boolean)
com.google.android.material.R$styleable: int AppCompatTheme_actionBarWidgetTheme
com.google.android.material.chip.Chip: void setCheckedIconTint(android.content.res.ColorStateList)
androidx.constraintlayout.widget.R$styleable: int KeyAttribute_transitionEasing
com.google.android.material.textfield.TextInputLayout: void setEndIconDrawable(int)
com.google.android.material.R$dimen: int abc_action_bar_subtitle_top_margin_material
androidx.constraintlayout.widget.R$styleable: int ConstraintSet_flow_lastVerticalStyle
androidx.fragment.R$id: int accessibility_custom_action_29
androidx.constraintlayout.widget.R$styleable: int ConstraintLayout_Layout_layout_constraintHeight_percent
com.google.android.material.R$drawable: int abc_ic_arrow_drop_right_black_24dp
com.google.android.material.R$string: int mtrl_picker_date_header_selected
com.google.android.material.R$drawable: int material_ic_clear_black_24dp
androidx.preference.R$attr: int editTextStyle
androidx.appcompat.R$color: int material_grey_600