app/build/outputs/mapping/release/mapping.txt
# compiler: R8
# compiler_version: 2.0.88
# min_api: 26
# pg_map_id: e72cf82
# common_typos_disable
com.trilema.doctrinalang.MainActivity -> com.trilema.doctrinalang.MainActivity:
    int ACT_CHECK_TTS_DATA -> r
    android.widget.ImageView btnInfo -> s
    1:1:androidx.navigation.NavController androidx.navigation.Navigation.findNavController(android.app.Activity,int):0:0 -> onCreate
    1:1:void onCreate(android.os.Bundle):0 -> onCreate
    2:2:void onCreate(android.os.Bundle):0:0 -> onCreate
    3:3:void androidx.navigation.ui.NavigationUI.setupWithNavController(com.google.android.material.bottomnavigation.BottomNavigationView,androidx.navigation.NavController):0:0 -> onCreate
    3:3:void onCreate(android.os.Bundle):0 -> onCreate
    4:4:void androidx.navigation.NavController.addOnDestinationChangedListener(androidx.navigation.NavController$OnDestinationChangedListener):0:0 -> onCreate
    4:4:void androidx.navigation.ui.NavigationUI.setupWithNavController(com.google.android.material.bottomnavigation.BottomNavigationView,androidx.navigation.NavController):0 -> onCreate
    4:4:void onCreate(android.os.Bundle):0 -> onCreate
    5:5:androidx.navigation.NavDestination androidx.navigation.NavBackStackEntry.getDestination():0:0 -> onCreate
    5:5:void androidx.navigation.NavController.addOnDestinationChangedListener(androidx.navigation.NavController$OnDestinationChangedListener):0 -> onCreate
com.trilema.doctrinalang.MainActivity$onActivityResult$1 -> com.trilema.doctrinalang.MainActivity$a:
    com.trilema.doctrinalang.MainActivity this$0 -> a
com.trilema.doctrinalang.MainActivity$onCreate$1 -> com.trilema.doctrinalang.MainActivity$b:
    com.trilema.doctrinalang.MainActivity this$0 -> d
com.trilema.doctrinalang.support.SharedPref -> c.c.a.a.a:
    java.lang.String FILE -> a
com.trilema.doctrinalang.support.Support -> c.c.a.a.b:
    android.speech.tts.TextToSpeech textToSpeech -> a
com.trilema.doctrinalang.ui.AboutFragmet -> c.c.a.b.a:
    1:1:androidx.appcompat.app.AlertDialog$Builder androidx.appcompat.app.AlertDialog$Builder.setView(android.view.View):0:0 -> w0
    1:1:android.app.Dialog onCreateDialog(android.os.Bundle):0 -> w0
    2:2:androidx.appcompat.app.AlertDialog$Builder androidx.appcompat.app.AlertDialog$Builder.setCancelable(boolean):0:0 -> w0
    2:2:android.app.Dialog onCreateDialog(android.os.Bundle):0 -> w0
    3:3:android.app.Dialog onCreateDialog(android.os.Bundle):0:0 -> w0
    4:4:androidx.appcompat.app.AlertDialog$Builder androidx.appcompat.app.AlertDialog$Builder.setNegativeButton(java.lang.CharSequence,android.content.DialogInterface$OnClickListener):0:0 -> w0
    4:4:android.app.Dialog onCreateDialog(android.os.Bundle):0 -> w0
    5:5:android.app.Dialog onCreateDialog(android.os.Bundle):0:0 -> w0
com.trilema.doctrinalang.ui.AboutFragmet$onCreateDialog$1 -> c.c.a.b.a$a:
    com.trilema.doctrinalang.ui.AboutFragmet$onCreateDialog$1 INSTANCE -> d
...
androidx.appcompat.app.AppCompatDelegateImpl$5 -> b.b.k.m:
    androidx.appcompat.app.AppCompatDelegateImpl this$0 -> a
androidx.appcompat.app.AppCompatDelegateImpl$6 -> b.b.k.n:
    androidx.appcompat.app.AppCompatDelegateImpl this$0 -> d
    1:1:androidx.core.view.ViewPropertyAnimatorCompat androidx.core.view.ViewPropertyAnimatorCompat.setListener(androidx.core.view.ViewPropertyAnimatorListener):0:0 -> run
    1:1:void run():0 -> run
    2:2:void run():0:0 -> run
androidx.appcompat.app.AppCompatDelegateImpl$6$1 -> b.b.k.n$a:
    androidx.appcompat.app.AppCompatDelegateImpl$6 this$1 -> a
    void onAnimationEnd(android.view.View) -> a
    void onAnimationStart(android.view.View) -> b
androidx.appcompat.app.AppCompatDelegateImpl$7 -> b.b.k.o:
    androidx.appcompat.app.AppCompatDelegateImpl this$0 -> a
    void onAnimationEnd(android.view.View) -> a
    void onAnimationStart(android.view.View) -> b
androidx.appcompat.app.AppCompatDelegateImpl$ActionMenuPresenterCallback -> b.b.k.j$c:
    androidx.appcompat.app.AppCompatDelegateImpl this$0 -> d
    void onCloseMenu(androidx.appcompat.view.menu.MenuBuilder,boolean) -> b
    boolean onOpenSubMenu(androidx.appcompat.view.menu.MenuBuilder) -> c
androidx.appcompat.app.AppCompatDelegateImpl$ActionModeCallbackWrapperV9 -> b.b.k.j$d:
    androidx.appcompat.app.AppCompatDelegateImpl this$0 -> b
    androidx.appcompat.view.ActionMode$Callback mWrapped -> a
    boolean onPrepareActionMode(androidx.appcompat.view.ActionMode,android.view.Menu) -> a
    1:1:androidx.core.view.ViewPropertyAnimatorCompat androidx.core.view.ViewPropertyAnimatorCompat.setListener(androidx.core.view.ViewPropertyAnimatorListener):0:0 -> b
    1:1:void onDestroyActionMode(androidx.appcompat.view.ActionMode):0 -> b
    2:2:void onDestroyActionMode(androidx.appcompat.view.ActionMode):0:0 -> b
    boolean onActionItemClicked(androidx.appcompat.view.ActionMode,android.view.MenuItem) -> c
    boolean onCreateActionMode(androidx.appcompat.view.ActionMode,android.view.Menu) -> d
androidx.appcompat.app.AppCompatDelegateImpl$ActionModeCallbackWrapperV9$1 -> b.b.k.j$d$a:
    androidx.appcompat.app.AppCompatDelegateImpl$ActionModeCallbackWrapperV9 this$1 -> a
    void onAnimationEnd(android.view.View) -> a
androidx.appcompat.app.AppCompatDelegateImpl$AppCompatWindowCallback -> b.b.k.j$e:
    androidx.appcompat.app.AppCompatDelegateImpl this$0 -> e
    1:1:androidx.appcompat.view.ActionMode androidx.appcompat.app.AppCompatDelegateImpl.startSupportActionMode(androidx.appcompat.view.ActionMode$Callback):0:0 -> a
    1:1:android.view.ActionMode startAsSupportActionMode(android.view.ActionMode$Callback):0 -> a
    2:2:androidx.appcompat.app.ActionBar androidx.appcompat.app.AppCompatDelegateImpl.getSupportActionBar():0:0 -> a
    2:2:androidx.appcompat.view.ActionMode androidx.appcompat.app.AppCompatDelegateImpl.startSupportActionMode(androidx.appcompat.view.ActionMode$Callback):0 -> a
    2:2:android.view.ActionMode startAsSupportActionMode(android.view.ActionMode$Callback):0 -> a
    3:3:androidx.appcompat.view.ActionMode androidx.appcompat.app.AppCompatDelegateImpl.startSupportActionMode(androidx.appcompat.view.ActionMode$Callback):0:0 -> a
    3:3:android.view.ActionMode startAsSupportActionMode(android.view.ActionMode$Callback):0 -> a
    4:4:androidx.appcompat.view.ActionMode androidx.appcompat.app.AppCompatDelegateImpl.startSupportActionModeFromWindow(androidx.appcompat.view.ActionMode$Callback):0:0 -> a
    4:4:androidx.appcompat.view.ActionMode androidx.appcompat.app.AppCompatDelegateImpl.startSupportActionMode(androidx.appcompat.view.ActionMode$Callback):0 -> a
    4:4:android.view.ActionMode startAsSupportActionMode(android.view.ActionMode$Callback):0 -> a