app/build/outputs/mapping/release/usage.txt
com.trilema.doctrinalang.R$mipmap
com.trilema.doctrinalang.R$xml
com.trilema.doctrinalang.R$string
com.trilema.doctrinalang.R$anim
com.trilema.doctrinalang.ui.month.MonthFragment:
    public static final synthetic void access$setAtual$p(com.trilema.doctrinalang.ui.month.MonthFragment,java.lang.String)
com.trilema.doctrinalang.R
com.trilema.doctrinalang.R$id
com.trilema.doctrinalang.R$layout
com.trilema.doctrinalang.ui.position.PositionFragment:
    public static final synthetic int access$getPrevious$p(com.trilema.doctrinalang.ui.position.PositionFragment)
    public static final synthetic void access$setActual$p(com.trilema.doctrinalang.ui.position.PositionFragment,int)
    public final android.widget.TextView getTxtPosTitle()
    public final void setTxtPosTitle(android.widget.TextView)
    public final android.widget.ImageView getImgPos01()
    public final void setImgPos01(android.widget.ImageView)
    public final android.widget.ImageView getImgPos02()
    public final void setImgPos02(android.widget.ImageView)
    public final android.widget.ImageView getImgPos03()
    public final void setImgPos03(android.widget.ImageView)
    public final android.widget.ImageView getImgPos04()
    public final void setImgPos04(android.widget.ImageView)
    public final android.widget.ImageView getBtnPosStart()
    public final void setBtnPosStart(android.widget.ImageView)
    public final android.widget.ImageView getBtnPosRepete()
    public final void setBtnPosRepete(android.widget.ImageView)
    public final android.widget.ImageView getBtnPosHelp()
    public final void setBtnPosHelp(android.widget.ImageView)
com.trilema.doctrinalang.R$bool
com.trilema.doctrinalang.R$styleable
com.trilema.doctrinalang.support.Support:
    public static final java.lang.String LOGKEY
com.trilema.doctrinalang.R$attr
com.trilema.doctrinalang.R$drawable
com.trilema.doctrinalang.ui.week.WeekFragment:
    public static final synthetic void access$setAtual$p(com.trilema.doctrinalang.ui.week.WeekFragment,java.lang.String)
com.trilema.doctrinalang.BuildConfig
com.trilema.doctrinalang.R$color
com.trilema.doctrinalang.ui.numbers.NumbersFragment:
    public static final synthetic void access$setImgInitial$p(com.trilema.doctrinalang.ui.numbers.NumbersFragment,android.widget.ImageView)
    public static final synthetic int access$getMinNumber$p(com.trilema.doctrinalang.ui.numbers.NumbersFragment)
    public static final synthetic int access$getMaxNumber$p(com.trilema.doctrinalang.ui.numbers.NumbersFragment)
    public static final synthetic void access$setSw1000$p(com.trilema.doctrinalang.ui.numbers.NumbersFragment,android.widget.Switch)
    public static final synthetic void access$setSw0100$p(com.trilema.doctrinalang.ui.numbers.NumbersFragment,android.widget.Switch)
    public static final synthetic void access$setTextView$p(com.trilema.doctrinalang.ui.numbers.NumbersFragment,android.widget.TextView)
    public static final synthetic void access$setMagicNumber$p(com.trilema.doctrinalang.ui.numbers.NumbersFragment,int)
    public static final synthetic void access$setTextTip$p(com.trilema.doctrinalang.ui.numbers.NumbersFragment,android.widget.TextView)
com.trilema.doctrinalang.R$interpolator
com.trilema.doctrinalang.ui.verbs.VerbsFragment
com.trilema.doctrinalang.R$dimen
com.trilema.doctrinalang.support.SharedPref:
    public final java.lang.String getFILE()
com.trilema.doctrinalang.ui.verbs.VerbsFragment$Companion
com.trilema.doctrinalang.R$navigation
com.trilema.doctrinalang.R$integer
com.trilema.doctrinalang.R$menu
com.trilema.doctrinalang.R$array
com.trilema.doctrinalang.R$plurals
com.trilema.doctrinalang.R$animator
...
androidx.customview.widget.ViewDragHelper:
    public void setMinVelocity(float)
    public float getMinVelocity()
    public int getViewDragState()
    public void setEdgeTrackingEnabled(int)
    public int getEdgeSize()
    public void setEdgeSize(int)
    public int getDefaultEdgeSize()
    public android.view.View getCapturedView()
    public int getActivePointerId()
    public void abort()
    public void flingCapturedView(int,int,int,int)
    protected boolean canScroll(android.view.View,boolean,int,int,int,int)
    public boolean checkTouchSlop(int)
    public boolean checkTouchSlop(int,int)
    public boolean isEdgeTouched(int)
    public boolean isEdgeTouched(int,int)
    private static final java.lang.String TAG
    public static final int INVALID_POINTER
    public static final int STATE_IDLE
    public static final int STATE_DRAGGING
    public static final int STATE_SETTLING
    public static final int EDGE_LEFT
    public static final int EDGE_RIGHT
    public static final int EDGE_TOP
    public static final int EDGE_BOTTOM
    public static final int EDGE_ALL
    public static final int DIRECTION_HORIZONTAL
    public static final int DIRECTION_VERTICAL
    public static final int DIRECTION_ALL
    private static final int EDGE_SIZE
    private static final int BASE_SETTLE_DURATION
    private static final int MAX_SETTLE_DURATION
io.grpc.netty.shaded.io.netty.handler.codec.compression.JdkZlibDecoder$1
io.grpc.internal.ExponentialBackoffPolicy
com.google.protobuf.compiler.PluginProtos$CodeGeneratorResponse$Feature
com.google.auth.http.HttpTransportFactory
io.grpc.netty.shaded.io.netty.util.internal.shaded.org.jctools.queues.MpscArrayQueueProducerLimitField
com.google.common.cache.CacheBuilderSpec$ValueStrengthParser
com.google.common.cache.LocalCache$LoadingValueReference$1
com.fasterxml.jackson.core.io.OutputDecorator
kotlin.text.StringsKt__StringsKt$splitToSequence$2
org.apache.http.impl.auth.SPNegoSchemeFactory
io.grpc.netty.shaded.io.netty.channel.nio.SelectedSelectionKeySet
org.apache.http.impl.io.DefaultHttpRequestWriter
io.grpc.netty.shaded.io.netty.util.concurrent.SingleThreadEventExecutor$2
com.google.common.collect.LinkedListMultimap$1EntriesImpl
androidx.appcompat.widget.LinearLayoutCompat:
    public boolean isBaselineAligned()
    public boolean isMeasureWithLargestChildEnabled()
    public static final int HORIZONTAL
    public static final int VERTICAL
    public static final int SHOW_DIVIDER_NONE
    public static final int SHOW_DIVIDER_BEGINNING
    public static final int SHOW_DIVIDER_MIDDLE
    public static final int SHOW_DIVIDER_END
    private static final int VERTICAL_GRAVITY_COUNT
    private static final int INDEX_CENTER_VERTICAL
    private static final int INDEX_TOP
    private static final int INDEX_BOTTOM
    private static final int INDEX_FILL
    private static final java.lang.String ACCESSIBILITY_CLASS_NAME
com.google.protobuf.GeneratedMessage$FieldAccessorTable$SingularEnumFieldAccessor
kotlinx.coroutines.flow.internal.ChannelFlowTransformLatest$flowCollect$3$invokeSuspend$$inlined$collect$1$lambda$1
com.google.cloud.texttospeech.v1.TextToSpeechProto